c:\users\정찬호\source\repos\changeentrypointtoflfunctiondll\deriveddll\release\deriveddll.pch
c:\users\정찬호\source\repos\changeentrypointtoflfunctiondll\deriveddll\release\vc142.pdb
c:\users\정찬호\source\repos\changeentrypointtoflfunctiondll\deriveddll\release\pch.obj
c:\users\정찬호\source\repos\changeentrypointtoflfunctiondll\deriveddll\release\driveddlllib.obj
c:\users\정찬호\source\repos\changeentrypointtoflfunctiondll\deriveddll\release\dllmain.obj
c:\users\정찬호\source\repos\changeentrypointtoflfunctiondll\deriveddll\release\baseusing.obj
c:\users\정찬호\source\repos\changeentrypointtoflfunctiondll\deriveddll\release\baseex.obj
c:\users\정찬호\source\repos\changeentrypointtoflfunctiondll\release\deriveddll.lib
c:\users\정찬호\source\repos\changeentrypointtoflfunctiondll\release\deriveddll.exp
c:\users\정찬호\source\repos\changeentrypointtoflfunctiondll\release\deriveddll.ipdb
c:\users\정찬호\source\repos\changeentrypointtoflfunctiondll\release\deriveddll.iobj
c:\users\정찬호\source\repos\changeentrypointtoflfunctiondll\release\deriveddll.dll
c:\users\정찬호\source\repos\changeentrypointtoflfunctiondll\release\deriveddll.pdb
c:\users\정찬호\source\repos\changeentrypointtoflfunctiondll\deriveddll\release\deriveddll.tlog\cl.command.1.tlog
c:\users\정찬호\source\repos\changeentrypointtoflfunctiondll\deriveddll\release\deriveddll.tlog\cl.read.1.tlog
c:\users\정찬호\source\repos\changeentrypointtoflfunctiondll\deriveddll\release\deriveddll.tlog\cl.write.1.tlog
c:\users\정찬호\source\repos\changeentrypointtoflfunctiondll\deriveddll\release\deriveddll.tlog\deriveddll.write.1u.tlog
c:\users\정찬호\source\repos\changeentrypointtoflfunctiondll\deriveddll\release\deriveddll.tlog\link.command.1.tlog
c:\users\정찬호\source\repos\changeentrypointtoflfunctiondll\deriveddll\release\deriveddll.tlog\link.read.1.tlog
c:\users\정찬호\source\repos\changeentrypointtoflfunctiondll\deriveddll\release\deriveddll.tlog\link.write.1.tlog
