c:\users\정찬호\source\repos\changeentrypointtoflfunctiondll\deriveddll\debug\deriveddll.pch
c:\users\정찬호\source\repos\changeentrypointtoflfunctiondll\deriveddll\debug\vc142.pdb
c:\users\정찬호\source\repos\changeentrypointtoflfunctiondll\deriveddll\debug\vc142.idb
c:\users\정찬호\source\repos\changeentrypointtoflfunctiondll\deriveddll\debug\pch.obj
c:\users\정찬호\source\repos\changeentrypointtoflfunctiondll\deriveddll\debug\driveddlllib.obj
c:\users\정찬호\source\repos\changeentrypointtoflfunctiondll\deriveddll\debug\dllmain.obj
c:\users\정찬호\source\repos\changeentrypointtoflfunctiondll\deriveddll\debug\baseusing.obj
c:\users\정찬호\source\repos\changeentrypointtoflfunctiondll\deriveddll\debug\baseex.obj
c:\users\정찬호\source\repos\changeentrypointtoflfunctiondll\debug\deriveddll.lib
c:\users\정찬호\source\repos\changeentrypointtoflfunctiondll\debug\deriveddll.exp
c:\users\정찬호\source\repos\changeentrypointtoflfunctiondll\debug\deriveddll.ilk
c:\users\정찬호\source\repos\changeentrypointtoflfunctiondll\debug\deriveddll.dll
c:\users\정찬호\source\repos\changeentrypointtoflfunctiondll\debug\deriveddll.pdb
c:\users\정찬호\source\repos\changeentrypointtoflfunctiondll\deriveddll\debug\deriveddll.tlog\cl.command.1.tlog
c:\users\정찬호\source\repos\changeentrypointtoflfunctiondll\deriveddll\debug\deriveddll.tlog\cl.read.1.tlog
c:\users\정찬호\source\repos\changeentrypointtoflfunctiondll\deriveddll\debug\deriveddll.tlog\cl.write.1.tlog
c:\users\정찬호\source\repos\changeentrypointtoflfunctiondll\deriveddll\debug\deriveddll.tlog\deriveddll.write.1u.tlog
c:\users\정찬호\source\repos\changeentrypointtoflfunctiondll\deriveddll\debug\deriveddll.tlog\link.command.1.tlog
c:\users\정찬호\source\repos\changeentrypointtoflfunctiondll\deriveddll\debug\deriveddll.tlog\link.read.1.tlog
c:\users\정찬호\source\repos\changeentrypointtoflfunctiondll\deriveddll\debug\deriveddll.tlog\link.write.1.tlog
